<?xml version="1.0" encoding="utf-8"?>
<coverage line-rate="0.9428" branch-rate="0.7931" version="1.9" timestamp="1789122769" lines-covered="907" lines-valid="962" branches-covered="303" branches-valid="382">
  <sources>
    <source>F:\Proyectos de CSHARP\FeedHub_Solution\FeedHub.Core\</source>
  </sources>
  <packages>
    <package name="FeedHub_Core" line-rate="0.9428" branch-rate="0.7931" complexity="462">
      <classes>
        <class name="QuickArticleCacheService" filename="Services\QuickArticleCacheService.cs" line-rate="1" branch-rate="1" complexity="7">
          <methods>
            <method name="TryGet" signature="(System.String,CachedArticle&amp;)" line-rate="1" branch-rate="1" complexity="4">
              <lines>
                <line number="11" hits="4" branch="False" />
                <line number="12" hits="4" branch="True" condition-coverage="100% (2/2)">
                  <conditions>
                    <condition number="16" type="jump" coverage="100%" />
                  </conditions>
                </line>
                <line number="13" hits="2" branch="False" />
                <line number="14" hits="2" branch="True" condition-coverage="100% (2/2)">
                  <conditions>
                    <condition number="57" type="jump" coverage="100%" />
                  </conditions>
                </line>
                <line number="15" hits="1" branch="False" />
                <line number="17" hits="1" branch="False" />
                <line number="18" hits="1" branch="False" />
                <line number="20" hits="3" branch="False" />
                <line number="21" hits="3" branch="False" />
                <line number="22" hits="4" branch="False" />
              </lines>
            </method>
            <method name="Save" signature="(System.String,FeedHub_Core.Services.QuickArticleResult)" line-rate="1" branch-rate="1" complexity="1">
              <lines>
                <line number="25" hits="3" branch="False" />
                <line number="26" hits="3" branch="False" />
                <line number="27" hits="3" branch="False" />
                <line number="28" hits="3" branch="False" />
                <line number="29" hits="3" branch="False" />
                <line number="30" hits="3" branch="False" />
                <line number="31" hits="3" branch="False" />
                <line number="32" hits="3" branch="False" />
                <line number="33" hits="3" branch="False" />
                <line number="34" hits="3" branch="False" />
                <line number="35" hits="3" branch="False" />
              </lines>
            </method>
            <method name="Clear" signature="()" line-rate="1" branch-rate="1" complexity="1">
              <lines>
                <line number="38" hits="1" branch="False" />
                <line number="39" hits="1" branch="False" />
                <line number="40" hits="1" branch="False" />
              </lines>
            </method>
            <method name=".ctor" signature="()" line-rate="1" branch-rate="1" complexity="1">
              <lines>
                <line number="6" hits="4" branch="False" />
              </lines>
            </method>
          </methods>
          <lines>
            <line number="11" hits="4" branch="False" />
            <line number="12" hits="4" branch="True" condition-coverage="100% (2/2)">
              <conditions>
                <condition number="16" type="jump" coverage="100%" />
              </conditions>
            </line>
            <line number="13" hits="2" branch="False" />
            <line number="14" hits="2" branch="True" condition-coverage="100% (2/2)">
              <conditions>
                <condition number="57" type="jump" coverage="100%" />
              </conditions>
            </line>
            <line number="15" hits="1" branch="False" />
            <line number="17" hits="1" branch="False" />
            <line number="18" hits="1" branch="False" />
            <line number="20" hits="3" branch="False" />
            <line number="21" hits="3" branch="False" />
            <line number="22" hits="4" branch="False" />
            <line number="25" hits="3" branch="False" />
            <line number="26" hits="3" branch="False" />
            <line number="27" hits="3" branch="False" />
            <line number="28" hits="3" branch="False" />
            <line number="29" hits="3" branch="False" />
            <line number="30" hits="3" branch="False" />
            <line number="31" hits="3" branch="False" />
            <line number="32" hits="3" branch="False" />
            <line number="33" hits="3" branch="False" />
            <line number="34" hits="3" branch="False" />
            <line number="35" hits="3" branch="False" />
            <line number="38" hits="1" branch="False" />
            <line number="39" hits="1" branch="False" />
            <line number="40" hits="1" branch="False" />
            <line number="6" hits="4" branch="False" />
          </lines>
        </class>
        <class name="CachedArticle" filename="Services\QuickArticleCacheService.cs" line-rate="1" branch-rate="1" complexity="6">
          <methods>
            <method name="get_Url" signature="()" line-rate="1" branch-rate="1" complexity="1">
              <lines>
                <line number="45" hits="7" branch="False" />
              </lines>
            </method>
            <method name="get_Title" signature="()" line-rate="1" branch-rate="1" complexity="1">
              <lines>
                <line number="46" hits="7" branch="False" />
              </lines>
            </method>
            <method name="get_Html" signature="()" line-rate="1" branch-rate="1" complexity="1">
              <lines>
                <line number="47" hits="7" branch="False" />
              </lines>
            </method>
            <method name="get_Text" signature="()" line-rate="1" branch-rate="1" complexity="1">
              <lines>
                <line number="48" hits="7" branch="False" />
              </lines>
            </method>
            <method name="get_ImageUrl" signature="()" line-rate="1" branch-rate="1" complexity="1">
              <lines>
                <line number="49" hits="7" branch="False" />
              </lines>
            </method>
            <method name="get_CachedAt" signature="()" line-rate="1" branch-rate="1" complexity="1">
              <lines>
                <line number="50" hits="6" branch="False" />
              </lines>
            </method>
          </methods>
          <lines>
            <line number="45" hits="7" branch="False" />
            <line number="46" hits="7" branch="False" />
            <line number="47" hits="7" branch="False" />
            <line number="48" hits="7" branch="False" />
            <line number="49" hits="7" branch="False" />
            <line number="50" hits="6" branch="False" />
          </lines>
        </class>
        <class name="RssService" filename="Services\RssService.cs" line-rate="0.7093" branch-rate="0.5285" complexity="71">
          <methods>
            <method name="ExtractImageUrl" signature="(System.ServiceModel.Syndication.SyndicationItem)" line-rate="0.6620999999999999" branch-rate="0.5303" complexity="66">
              <lines>
                <line number="121" hits="46" branch="False" />
                <line number="123" hits="46" branch="False" />
                <line number="126" hits="46" branch="False" />
                <line number="127" hits="51" branch="True" condition-coverage="100% (2/2)">
                  <conditions>
                    <condition number="6" type="jump" coverage="100%" />
                  </conditions>
                </line>
                <line number="128" hits="51" branch="False" />
                <line number="130" hits="46" branch="True" condition-coverage="100% (2/2)">
                  <conditions>
                    <condition number="53" type="jump" coverage="100%" />
                  </conditions>
                </line>
                <line number="131" hits="3" branch="False" />
                <line number="132" hits="3" branch="False" />
                <line number="133" hits="3" branch="False" />
                <line number="134" hits="3" branch="False" />
                <line number="137" hits="3" branch="False" />
                <line number="138" hits="3" branch="True" condition-coverage="100% (4/4)">
                  <conditions>
                    <condition number="111" type="jump" coverage="100%" />
                    <condition number="133" type="jump" coverage="100%" />
                  </conditions>
                </line>
                <line number="139" hits="1" branch="False" />
                <line number="142" hits="2" branch="False" />
                <line number="143" hits="4" branch="True" condition-coverage="100% (2/2)">
                  <conditions>
                    <condition number="6" type="jump" coverage="100%" />
                  </conditions>
                </line>
                <line number="145" hits="2" branch="True" condition-coverage="50% (2/4)">
                  <conditions>
                    <condition number="191" type="jump" coverage="50%" />
                    <condition number="217" type="jump" coverage="50%" />
                  </conditions>
                </line>
                <line number="146" hits="2" branch="False" />
                <line number="147" hits="0" branch="False" />
                <line number="151" hits="43" branch="False" />
                <line number="152" hits="2" branch="True" condition-coverage="50% (2/4)">
                  <conditions>
                    <condition number="16" type="jump" coverage="50%" />
                    <condition number="34" type="jump" coverage="50%" />
                  </conditions>
                </line>
                <line number="153" hits="0" branch="False" />
                <line number="154" hits="0" branch="False" />
                <line number="155" hits="0" branch="False" />
                <line number="156" hits="0" branch="False" />
                <line number="157" hits="0" branch="False" />
                <line number="158" hits="0" branch="False" />
                <line number="159" hits="0" branch="False" />
                <line number="160" hits="0" branch="False" />
                <line number="161" hits="43" branch="True" condition-coverage="0% (0/4)">
                  <conditions>
                    <condition number="1" type="jump" coverage="0%" />
                    <condition number="19" type="jump" coverage="0%" />
                  </conditions>
                </line>
                <line number="163" hits="43" branch="True" condition-coverage="50% (1/2)">
                  <conditions>
                    <condition number="368" type="jump" coverage="50%" />
                  </conditions>
                </line>
                <line number="164" hits="0" branch="False" />
                <line number="166" hits="0" branch="True" condition-coverage="0% (0/8)">
                  <conditions>
                    <condition number="391" type="jump" coverage="0%" />
                    <condition number="403" type="jump" coverage="0%" />
                    <condition number="449" type="jump" coverage="0%" />
                    <condition number="471" type="jump" coverage="0%" />
                  </conditions>
                </line>
                <line number="167" hits="0" branch="False" />
                <line number="169" hits="0" branch="True" condition-coverage="0% (0/4)">
                  <conditions>
                    <condition number="491" type="jump" coverage="0%" />
                    <condition number="512" type="jump" coverage="0%" />
                  </conditions>
                </line>
                <line number="170" hits="0" branch="False" />
                <line number="173" hits="43" branch="False" />
                <line number="174" hits="88" branch="True" condition-coverage="75% (3/4)">
                  <conditions>
                    <condition number="16" type="jump" coverage="100%" />
                    <condition number="25" type="jump" coverage="50%" />
                  </conditions>
                </line>
                <line number="176" hits="44" branch="True" condition-coverage="100% (2/2)">
                  <conditions>
                    <condition number="575" type="jump" coverage="100%" />
                  </conditions>
                </line>
                <line number="179" hits="42" branch="False" />
                <line number="180" hits="44" branch="False" />
                <line number="181" hits="43" branch="True" condition-coverage="100% (2/2)">
                  <conditions>
                    <condition number="654" type="jump" coverage="100%" />
                  </conditions>
                </line>
                <line number="184" hits="42" branch="True" condition-coverage="75% (3/4)">
                  <conditions>
                    <condition number="676" type="jump" coverage="100%" />
                    <condition number="699" type="jump" coverage="50%" />
                  </conditions>
                </line>
                <line number="185" hits="42" branch="False" />
                <line number="186" hits="42" branch="False" />
                <line number="187" hits="42" branch="False" />
                <line number="189" hits="42" branch="True" condition-coverage="100% (2/2)">
                  <conditions>
                    <condition number="737" type="jump" coverage="100%" />
                  </conditions>
                </line>
                <line number="190" hits="41" branch="False" />
                <line number="192" hits="41" branch="False" />
                <line number="193" hits="41" branch="True" condition-coverage="100% (2/2)">
                  <conditions>
                    <condition number="766" type="jump" coverage="100%" />
                  </conditions>
                </line>
                <line number="194" hits="4" branch="False" />
                <line number="195" hits="4" branch="False" />
                <line number="196" hits="8" branch="True" condition-coverage="50% (2/4)">
                  <conditions>
                    <condition number="805" type="jump" coverage="50%" />
                    <condition number="825" type="jump" coverage="50%" />
                  </conditions>
                </line>
                <line number="197" hits="0" branch="False" />
                <line number="198" hits="37" branch="False" />
                <line number="202" hits="115" branch="True" condition-coverage="100% (2/2)">
                  <conditions>
                    <condition number="1005" type="jump" coverage="100%" />
                  </conditions>
                </line>
                <line number="203" hits="1" branch="False" />
                <line number="205" hits="1" branch="False" />
                <line number="206" hits="1" branch="False" />
                <line number="207" hits="1" branch="False" />
                <line number="208" hits="1" branch="True" condition-coverage="50% (2/4)">
                  <conditions>
                    <condition number="904" type="jump" coverage="50%" />
                    <condition number="933" type="jump" coverage="50%" />
                  </conditions>
                </line>
                <line number="209" hits="1" branch="False" />
                <line number="210" hits="0" branch="False" />
                <line number="211" hits="0" branch="False" />
                <line number="212" hits="0" branch="False" />
                <line number="213" hits="0" branch="True" condition-coverage="0% (0/2)">
                  <conditions>
                    <condition number="962" type="jump" coverage="0%" />
                  </conditions>
                </line>
                <line number="214" hits="0" branch="False" />
                <line number="216" hits="0" branch="False" />
                <line number="217" hits="37" branch="False" />
                <line number="218" hits="0" branch="False" />
                <line number="219" hits="0" branch="False" />
                <line number="220" hits="0" branch="True" condition-coverage="0% (0/2)">
                  <conditions>
                    <condition number="1038" type="jump" coverage="0%" />
                  </conditions>
                </line>
                <line number="221" hits="0" branch="False" />
                <line number="223" hits="37" branch="False" />
                <line number="224" hits="46" branch="False" />
              </lines>
            </method>
            <method name="StripHtml" signature="(System.String)" line-rate="1" branch-rate="1" complexity="2">
              <lines>
                <line number="227" hits="92" branch="False" />
                <line number="228" hits="93" branch="True" condition-coverage="100% (2/2)">
                  <conditions>
                    <condition number="9" type="jump" coverage="100%" />
                  </conditions>
                </line>
                <line number="229" hits="91" branch="False" />
                <line number="230" hits="91" branch="False" />
                <line number="231" hits="91" branch="False" />
                <line number="232" hits="91" branch="False" />
                <line number="233" hits="92" branch="False" />
              </lines>
            </method>
            <method name=".ctor" signature="(FeedHub_Core.Utilities.ILogger,System.Net.Http.HttpClient)" line-rate="1" branch-rate="1" complexity="1">
              <lines>
                <line number="15" hits="36" branch="False" />
                <line number="16" hits="36" branch="False" />
                <line number="17" hits="36" branch="False" />
                <line number="18" hits="36" branch="False" />
                <line number="19" hits="36" branch="False" />
              </lines>
            </method>
          </methods>
          <lines>
            <line number="121" hits="46" branch="False" />
            <line number="123" hits="46" branch="False" />
            <line number="126" hits="46" branch="False" />
            <line number="127" hits="51" branch="True" condition-coverage="100% (2/2)">
              <conditions>
                <condition number="6" type="jump" coverage="100%" />
              </conditions>
            </line>
            <line number="128" hits="51" branch="False" />
            <line number="130" hits="46" branch="True" condition-coverage="100% (2/2)">
              <conditions>
                <condition number="53" type="jump" coverage="100%" />
              </conditions>
            </line>
            <line number="131" hits="3" branch="False" />
            <line number="132" hits="3" branch="False" />
            <line number="133" hits="3" branch="False" />
            <line number="134" hits="3" branch="False" />
            <line number="137" hits="3" branch="False" />
            <line number="138" hits="3" branch="True" condition-coverage="100% (4/4)">
              <conditions>
                <condition number="111" type="jump" coverage="100%" />
                <condition number="133" type="jump" coverage="100%" />
              </conditions>
            </line>
            <line number="139" hits="1" branch="False" />
            <line number="142" hits="2" branch="False" />
            <line number="143" hits="4" branch="True" condition-coverage="100% (2/2)">
              <conditions>
                <condition number="6" type="jump" coverage="100%" />
              </conditions>
            </line>
            <line number="145" hits="2" branch="True" condition-coverage="50% (2/4)">
              <conditions>
                <condition number="191" type="jump" coverage="50%" />
                <condition number="217" type="jump" coverage="50%" />
              </conditions>
            </line>
            <line number="146" hits="2" branch="False" />
            <line number="147" hits="0" branch="False" />
            <line number="151" hits="43" branch="False" />
            <line number="152" hits="2" branch="True" condition-coverage="50% (2/4)">
              <conditions>
                <condition number="16" type="jump" coverage="50%" />
                <condition number="34" type="jump" coverage="50%" />
              </conditions>
            </line>
            <line number="153" hits="0" branch="False" />
            <line number="154" hits="0" branch="False" />
            <line number="155" hits="0" branch="False" />
            <line number="156" hits="0" branch="False" />
            <line number="157" hits="0" branch="False" />
            <line number="158" hits="0" branch="False" />
            <line number="159" hits="0" branch="False" />
            <line number="160" hits="0" branch="False" />
            <line number="161" hits="43" branch="True" condition-coverage="0% (0/4)">
              <conditions>
                <condition number="1" type="jump" coverage="0%" />
                <condition number="19" type="jump" coverage="0%" />
              </conditions>
            </line>
            <line number="163" hits="43" branch="True" condition-coverage="50% (1/2)">
              <conditions>
                <condition number="368" type="jump" coverage="50%" />
              </conditions>
            </line>
            <line number="164" hits="0" branch="False" />
            <line number="166" hits="0" branch="True" condition-coverage="0% (0/8)">
              <conditions>
                <condition number="391" type="jump" coverage="0%" />
                <condition number="403" type="jump" coverage="0%" />
                <condition number="449" type="jump" coverage="0%" />
                <condition number="471" type="jump" coverage="0%" />
              </conditions>
            </line>
            <line number="167" hits="0" branch="False" />
            <line number="169" hits="0" branch="True" condition-coverage="0% (0/4)">
              <conditions>
                <condition number="491" type="jump" coverage="0%" />
                <condition number="512" type="jump" coverage="0%" />
              </conditions>
            </line>
            <line number="170" hits="0" branch="False" />
            <line number="173" hits="43" branch="False" />
            <line number="174" hits="88" branch="True" condition-coverage="75% (3/4)">
              <conditions>
                <condition number="16" type="jump" coverage="100%" />
                <condition number="25" type="jump" coverage="50%" />
              </conditions>
            </line>
            <line number="176" hits="44" branch="True" condition-coverage="100% (2/2)">
              <conditions>
                <condition number="575" type="jump" coverage="100%" />
              </conditions>
            </line>
            <line number="179" hits="42" branch="False" />
            <line number="180" hits="44" branch="False" />
            <line number="181" hits="43" branch="True" condition-coverage="100% (2/2)">
              <conditions>
                <condition number="654" type="jump" coverage="100%" />
              </conditions>
            </line>
            <line number="184" hits="42" branch="True" condition-coverage="75% (3/4)">
              <conditions>
                <condition number="676" type="jump" coverage="100%" />
                <condition number="699" type="jump" coverage="50%" />
              </conditions>
            </line>
            <line number="185" hits="42" branch="False" />
            <line number="186" hits="42" branch="False" />
            <line number="187" hits="42" branch="False" />
            <line number="189" hits="42" branch="True" condition-coverage="100% (2/2)">
              <conditions>
                <condition number="737" type="jump" coverage="100%" />
              </conditions>
            </line>
            <line number="190" hits="41" branch="False" />
            <line number="192" hits="41" branch="False" />
            <line number="193" hits="41" branch="True" condition-coverage="100% (2/2)">
              <conditions>
                <condition number="766" type="jump" coverage="100%" />
              </conditions>
            </line>
            <line number="194" hits="4" branch="False" />
            <line number="195" hits="4" branch="False" />
            <line number="196" hits="8" branch="True" condition-coverage="50% (2/4)">
              <conditions>
                <condition number="805" type="jump" coverage="50%" />
                <condition number="825" type="jump" coverage="50%" />
              </conditions>
            </line>
            <line number="197" hits="0" branch="False" />
            <line number="198" hits="37" branch="False" />
            <line number="202" hits="115" branch="True" condition-coverage="100% (2/2)">
              <conditions>
                <condition number="1005" type="jump" coverage="100%" />
              </conditions>
            </line>
            <line number="203" hits="1" branch="False" />
            <line number="205" hits="1" branch="False" />
            <line number="206" hits="1" branch="False" />
            <line number="207" hits="1" branch="False" />
            <line number="208" hits="1" branch="True" condition-coverage="50% (2/4)">
              <conditions>
                <condition number="904" type="jump" coverage="50%" />
                <condition number="933" type="jump" coverage="50%" />
              </conditions>
            </line>
            <line number="209" hits="1" branch="False" />
            <line number="210" hits="0" branch="False" />
            <line number="211" hits="0" branch="False" />
            <line number="212" hits="0" branch="False" />
            <line number="213" hits="0" branch="True" condition-coverage="0% (0/2)">
              <conditions>
                <condition number="962" type="jump" coverage="0%" />
              </conditions>
            </line>
            <line number="214" hits="0" branch="False" />
            <line number="216" hits="0" branch="False" />
            <line number="217" hits="37" branch="False" />
            <line number="218" hits="0" branch="False" />
            <line number="219" hits="0" branch="False" />
            <line number="220" hits="0" branch="True" condition-coverage="0% (0/2)">
              <conditions>
                <condition number="1038" type="jump" coverage="0%" />
              </conditions>
            </line>
            <line number="221" hits="0" branch="False" />
            <line number="223" hits="37" branch="False" />
            <line number="224" hits="46" branch="False" />
            <line number="227" hits="92" branch="False" />
            <line number="228" hits="93" branch="True" condition-coverage="100% (2/2)">
              <conditions>
                <condition number="9" type="jump" coverage="100%" />
              </conditions>
            </line>
            <line number="229" hits="91" branch="False" />
            <line number="230" hits="91" branch="False" />
            <line number="231" hits="91" branch="False" />
            <line number="232" hits="91" branch="False" />
            <line number="233" hits="92" branch="False" />
            <line number="15" hits="36" branch="False" />
            <line number="16" hits="36" branch="False" />
            <line number="17" hits="36" branch="False" />
            <line number="18" hits="36" branch="False" />
            <line number="19" hits="36" branch="False" />
          </lines>
        </class>
        <class name="RssService/&lt;&gt;c__DisplayClass3_0" filename="Services\RssService.cs" line-rate="1" branch-rate="1" complexity="1">
          <methods>
            <method name="&lt;GetNewsAsync&gt;b__1" signature="(System.String)" line-rate="1" branch-rate="1" complexity="1">
              <lines>
                <line number="79" hits="52" branch="False" />
              </lines>
            </method>
          </methods>
          <lines>
            <line number="79" hits="52" branch="False" />
          </lines>
        </class>
        <class name="RssService/&lt;GetNewsAsync&gt;d__3" filename="Services\RssService.cs" line-rate="1" branch-rate="0.9047" complexity="42">
          <methods>
            <method name="MoveNext" signature="()" line-rate="1" branch-rate="0.9047" complexity="42">
              <lines>
                <line number="22" hits="36" branch="False" />
                <line number="24" hits="36" branch="False" />
                <line number="25" hits="37" branch="True" condition-coverage="100% (2/2)">
                  <conditions>
                    <condition number="40" type="jump" coverage="100%" />
                  </conditions>
                </line>
                <line number="28" hits="35" branch="False" />
                <line number="30" hits="35" branch="False" />
                <line number="33" hits="35" branch="False" />
                <line number="34" hits="35" branch="False" />
                <line number="35" hits="35" branch="False" />
                <line number="37" hits="35" branch="False" />
                <line number="39" hits="35" branch="False" />
                <line number="41" hits="35" branch="True" condition-coverage="100% (2/2)">
                  <conditions>
                    <condition number="395" type="jump" coverage="100%" />
                  </conditions>
                </line>
                <line number="42" hits="1" branch="False" />
                <line number="43" hits="1" branch="False" />
                <line number="44" hits="1" branch="False" />
                <line number="47" hits="34" branch="False" />
                <line number="49" hits="33" branch="False" />
                <line number="50" hits="33" branch="False" />
                <line number="52" hits="33" branch="False" />
                <line number="53" hits="33" branch="False" />
                <line number="55" hits="32" branch="True" condition-coverage="100% (2/2)">
                  <conditions>
                    <condition number="680" type="jump" coverage="100%" />
                  </conditions>
                </line>
                <line number="56" hits="32" branch="False" />
                <line number="57" hits="197" branch="True" condition-coverage="100% (2/2)">
                  <conditions>
                    <condition number="1600" type="jump" coverage="100%" />
                  </conditions>
                </line>
                <line number="58" hits="51" branch="False" />
                <line number="59" hits="51" branch="False" />
                <line number="61" hits="50" branch="True" condition-coverage="50% (2/4)">
                  <conditions>
                    <condition number="769" type="jump" coverage="50%" />
                    <condition number="786" type="jump" coverage="50%" />
                  </conditions>
                </line>
                <line number="62" hits="50" branch="True" condition-coverage="100% (2/2)">
                  <conditions>
                    <condition number="826" type="jump" coverage="100%" />
                  </conditions>
                </line>
                <line number="63" hits="1" branch="False" />
                <line number="64" hits="1" branch="False" />
                <line number="65" hits="1" branch="False" />
                <line number="67" hits="51" branch="True" condition-coverage="100% (2/2)">
                  <conditions>
                    <condition number="900" type="jump" coverage="100%" />
                  </conditions>
                </line>
                <line number="69" hits="49" branch="True" condition-coverage="100% (4/4)">
                  <conditions>
                    <condition number="923" type="jump" coverage="100%" />
                    <condition number="948" type="jump" coverage="100%" />
                  </conditions>
                </line>
                <line number="70" hits="4" branch="False" />
                <line number="71" hits="4" branch="True" condition-coverage="50% (2/4)">
                  <conditions>
                    <condition number="983" type="jump" coverage="50%" />
                    <condition number="1000" type="jump" coverage="50%" />
                  </conditions>
                </line>
                <line number="73" hits="4" branch="False" />
                <line number="74" hits="4" branch="False" />
                <line number="76" hits="4" branch="False" />
                <line number="80" hits="3" branch="False" />
                <line number="81" hits="3" branch="False" />
                <line number="83" hits="1" branch="False" />
                <line number="85" hits="46" branch="True" condition-coverage="100% (16/16)">
                  <conditions>
                    <condition number="1297" type="jump" coverage="100%" />
                    <condition number="1309" type="jump" coverage="100%" />
                    <condition number="1360" type="jump" coverage="100%" />
                    <condition number="1372" type="jump" coverage="100%" />
                    <condition number="1422" type="jump" coverage="100%" />
                    <condition number="1480" type="jump" coverage="100%" />
                    <condition number="1507" type="jump" coverage="100%" />
                    <condition number="1519" type="jump" coverage="100%" />
                  </conditions>
                </line>
                <line number="86" hits="46" branch="False" />
                <line number="87" hits="46" branch="False" />
                <line number="88" hits="46" branch="False" />
                <line number="89" hits="46" branch="False" />
                <line number="90" hits="46" branch="False" />
                <line number="91" hits="46" branch="False" />
                <line number="92" hits="46" branch="False" />
                <line number="93" hits="46" branch="False" />
                <line number="94" hits="46" branch="False" />
                <line number="95" hits="46" branch="False" />
                <line number="96" hits="46" branch="False" />
                <line number="97" hits="46" branch="False" />
                <line number="98" hits="31" branch="False" />
                <line number="99" hits="31" branch="False" />
                <line number="101" hits="1" branch="False" />
                <line number="102" hits="1" branch="False" />
                <line number="103" hits="1" branch="False" />
                <line number="104" hits="1" branch="False" />
                <line number="106" hits="1" branch="False" />
                <line number="107" hits="1" branch="False" />
                <line number="108" hits="1" branch="False" />
                <line number="109" hits="1" branch="False" />
                <line number="111" hits="1" branch="False" />
                <line number="112" hits="1" branch="False" />
                <line number="113" hits="1" branch="False" />
                <line number="114" hits="1" branch="False" />
                <line number="117" hits="31" branch="False" />
                <line number="118" hits="33" branch="False" />
              </lines>
            </method>
          </methods>
          <lines>
            <line number="22" hits="36" branch="False" />
            <line number="24" hits="36" branch="False" />
            <line number="25" hits="37" branch="True" condition-coverage="100% (2/2)">
              <conditions>
                <condition number="40" type="jump" coverage="100%" />
              </conditions>
            </line>
            <line number="28" hits="35" branch="False" />
            <line number="30" hits="35" branch="False" />
            <line number="33" hits="35" branch="False" />
            <line number="34" hits="35" branch="False" />
            <line number="35" hits="35" branch="False" />
            <line number="37" hits="35" branch="False" />
            <line number="39" hits="35" branch="False" />
            <line number="41" hits="35" branch="True" condition-coverage="100% (2/2)">
              <conditions>
                <condition number="395" type="jump" coverage="100%" />
              </conditions>
            </line>
            <line number="42" hits="1" branch="False" />
            <line number="43" hits="1" branch="False" />
            <line number="44" hits="1" branch="False" />
            <line number="47" hits="34" branch="False" />
            <line number="49" hits="33" branch="False" />
            <line number="50" hits="33" branch="False" />
            <line number="52" hits="33" branch="False" />
            <line number="53" hits="33" branch="False" />
            <line number="55" hits="32" branch="True" condition-coverage="100% (2/2)">
              <conditions>
                <condition number="680" type="jump" coverage="100%" />
              </conditions>
            </line>
            <line number="56" hits="32" branch="False" />
            <line number="57" hits="197" branch="True" condition-coverage="100% (2/2)">
              <conditions>
                <condition number="1600" type="jump" coverage="100%" />
              </conditions>
            </line>
            <line number="58" hits="51" branch="False" />
            <line number="59" hits="51" branch="False" />
            <line number="61" hits="50" branch="True" condition-coverage="50% (2/4)">
              <conditions>
                <condition number="769" type="jump" coverage="50%" />
                <condition number="786" type="jump" coverage="50%" />
              </conditions>
            </line>
            <line number="62" hits="50" branch="True" condition-coverage="100% (2/2)">
              <conditions>
                <condition number="826" type="jump" coverage="100%" />
              </conditions>
            </line>
            <line number="63" hits="1" branch="False" />
            <line number="64" hits="1" branch="False" />
            <line number="65" hits="1" branch="False" />
            <line number="67" hits="51" branch="True" condition-coverage="100% (2/2)">
              <conditions>
                <condition number="900" type="jump" coverage="100%" />
              </conditions>
            </line>
            <line number="69" hits="49" branch="True" condition-coverage="100% (4/4)">
              <conditions>
                <condition number="923" type="jump" coverage="100%" />
                <condition number="948" type="jump" coverage="100%" />
              </conditions>
            </line>
            <line number="70" hits="4" branch="False" />
            <line number="71" hits="4" branch="True" condition-coverage="50% (2/4)">
              <conditions>
                <condition number="983" type="jump" coverage="50%" />
                <condition number="1000" type="jump" coverage="50%" />
              </conditions>
            </line>
            <line number="73" hits="4" branch="False" />
            <line number="74" hits="4" branch="False" />
            <line number="76" hits="4" branch="False" />
            <line number="80" hits="3" branch="False" />
            <line number="81" hits="3" branch="False" />
            <line number="83" hits="1" branch="False" />
            <line number="85" hits="46" branch="True" condition-coverage="100% (16/16)">
              <conditions>
                <condition number="1297" type="jump" coverage="100%" />
                <condition number="1309" type="jump" coverage="100%" />
                <condition number="1360" type="jump" coverage="100%" />
                <condition number="1372" type="jump" coverage="100%" />
                <condition number="1422" type="jump" coverage="100%" />
                <condition number="1480" type="jump" coverage="100%" />
                <condition number="1507" type="jump" coverage="100%" />
                <condition number="1519" type="jump" coverage="100%" />
              </conditions>
            </line>
            <line number="86" hits="46" branch="False" />
            <line number="87" hits="46" branch="False" />
            <line number="88" hits="46" branch="False" />
            <line number="89" hits="46" branch="False" />
            <line number="90" hits="46" branch="False" />
            <line number="91" hits="46" branch="False" />
            <line number="92" hits="46" branch="False" />
            <line number="93" hits="46" branch="False" />
            <line number="94" hits="46" branch="False" />
            <line number="95" hits="46" branch="False" />
            <line number="96" hits="46" branch="False" />
            <line number="97" hits="46" branch="False" />
            <line number="98" hits="31" branch="False" />
            <line number="99" hits="31" branch="False" />
            <line number="101" hits="1" branch="False" />
            <line number="102" hits="1" branch="False" />
            <line number="103" hits="1" branch="False" />
            <line number="104" hits="1" branch="False" />
            <line number="106" hits="1" branch="False" />
            <line number="107" hits="1" branch="False" />
            <line number="108" hits="1" branch="False" />
            <line number="109" hits="1" branch="False" />
            <line number="111" hits="1" branch="False" />
            <line number="112" hits="1" branch="False" />
            <line number="113" hits="1" branch="False" />
            <line number="114" hits="1" branch="False" />
            <line number="117" hits="31" branch="False" />
            <line number="118" hits="33" branch="False" />
          </lines>
        </class>
        <class name="FeedHub_Core.Models.AdItem" filename="Models\AdItem.cs" line-rate="1" branch-rate="1" complexity="1">
          <methods>
            <method name="get_AdUnitId" signature="()" line-rate="1" branch-rate="1" complexity="1">
              <lines>
                <line number="7" hits="3" branch="False" />
              </lines>
            </method>
          </methods>
          <lines>
            <line number="7" hits="3" branch="False" />
          </lines>
        </class>
        <class name="FeedHub_Core.Models.FeedSourceConfig" filename="Models\FeedSourceConfig.cs" line-rate="1" branch-rate="1" complexity="6">
          <methods>
            <method name="get_Id" signature="()" line-rate="1" branch-rate="1" complexity="1">
              <lines>
                <line number="5" hits="2448" branch="False" />
              </lines>
            </method>
            <method name="get_Name" signature="()" line-rate="1" branch-rate="1" complexity="1">
              <lines>
                <line number="6" hits="2366" branch="False" />
              </lines>
            </method>
            <method name="get_Group" signature="()" line-rate="1" branch-rate="1" complexity="1">
              <lines>
                <line number="7" hits="1428" branch="False" />
              </lines>
            </method>
            <method name="get_Description" signature="()" line-rate="1" branch-rate="1" complexity="1">
              <lines>
                <line number="8" hits="1428" branch="False" />
              </lines>
            </method>
            <method name="get_Domain" signature="()" line-rate="1" branch-rate="1" complexity="1">
              <lines>
                <line number="9" hits="1428" branch="False" />
              </lines>
            </method>
            <method name="get_Feeds" signature="()" line-rate="1" branch-rate="1" complexity="1">
              <lines>
                <line number="11" hits="2028" branch="False" />
              </lines>
            </method>
          </methods>
          <lines>
            <line number="5" hits="2448" branch="False" />
            <line number="6" hits="2366" branch="False" />
            <line number="7" hits="1428" branch="False" />
            <line number="8" hits="1428" branch="False" />
            <line number="9" hits="1428" branch="False" />
            <line number="11" hits="2028" branch="False" />
          </lines>
        </class>
        <class name="FeedHub_Core.Models.FeedConfig" filename="Models\FeedSourceConfig.cs" line-rate="1" branch-rate="1" complexity="2">
          <methods>
            <method name="get_Url" signature="()" line-rate="1" branch-rate="1" complexity="1">
              <lines>
                <line number="16" hits="5313" branch="False" />
              </lines>
            </method>
            <method name="get_Category" signature="()" line-rate="1" branch-rate="1" complexity="1">
              <lines>
                <line number="17" hits="6701" branch="False" />
              </lines>
            </method>
          </methods>
          <lines>
            <line number="16" hits="5313" branch="False" />
            <line number="17" hits="6701" branch="False" />
          </lines>
        </class>
        <class name="FeedHub_Core.Models.FilterItem" filename="Models\FilterItem.cs" line-rate="0" branch-rate="1" complexity="3">
          <methods>
            <method name="get_Title" signature="()" line-rate="0" branch-rate="1" complexity="1">
              <lines>
                <line number="6" hits="0" branch="False" />
              </lines>
            </method>
            <method name="get_Code" signature="()" line-rate="0" branch-rate="1" complexity="1">
              <lines>
                <line number="9" hits="0" branch="False" />
              </lines>
            </method>
            <method name="get_IsActive" signature="()" line-rate="0" branch-rate="1" complexity="1">
              <lines>
                <line number="12" hits="0" branch="False" />
              </lines>
            </method>
          </methods>
          <lines>
            <line number="6" hits="0" branch="False" />
            <line number="9" hits="0" branch="False" />
            <line number="12" hits="0" branch="False" />
          </lines>
        </class>
        <class name="FeedHub_Core.Models.NewsItem" filename="Models\NewsItem.cs" line-rate="0.875" branch-rate="1" complexity="8">
          <methods>
            <method name="get_Title" signature="()" line-rate="1" branch-rate="1" complexity="1">
              <lines>
                <line number="5" hits="619" branch="False" />
              </lines>
            </method>
            <method name="get_Link" signature="()" line-rate="1" branch-rate="1" complexity="1">
              <lines>
                <line number="6" hits="138" branch="False" />
              </lines>
            </method>
            <method name="get_Description" signature="()" line-rate="1" branch-rate="1" complexity="1">
              <lines>
                <line number="7" hits="413" branch="False" />
              </lines>
            </method>
            <method name="get_ImageUrl" signature="()" line-rate="1" branch-rate="1" complexity="1">
              <lines>
                <line number="8" hits="57" branch="False" />
              </lines>
            </method>
            <method name="get_CachedImage" signature="()" line-rate="0" branch-rate="1" complexity="1">
              <lines>
                <line number="9" hits="0" branch="False" />
              </lines>
            </method>
            <method name="get_PublishDate" signature="()" line-rate="1" branch-rate="1" complexity="1">
              <lines>
                <line number="10" hits="767" branch="False" />
              </lines>
            </method>
            <method name="get_Category" signature="()" line-rate="1" branch-rate="1" complexity="1">
              <lines>
                <line number="11" hits="518" branch="False" />
              </lines>
            </method>
            <method name="get_Source" signature="()" line-rate="1" branch-rate="1" complexity="1">
              <lines>
                <line number="12" hits="582" branch="False" />
              </lines>
            </method>
          </methods>
          <lines>
            <line number="5" hits="619" branch="False" />
            <line number="6" hits="138" branch="False" />
            <line number="7" hits="413" branch="False" />
            <line number="8" hits="57" branch="False" />
            <line number="9" hits="0" branch="False" />
            <line number="10" hits="767" branch="False" />
            <line number="11" hits="518" branch="False" />
            <line number="12" hits="582" branch="False" />
          </lines>
        </class>
        <class name="FeedHub_Core.Models.NewsQueryResult" filename="Models\NewsQueryResult.cs" line-rate="1" branch-rate="1" complexity="2">
          <methods>
            <method name="get_Items" signature="()" line-rate="1" branch-rate="1" complexity="1">
              <lines>
                <line number="5" hits="91" branch="False" />
              </lines>
            </method>
            <method name="get_Status" signature="()" line-rate="1" branch-rate="1" complexity="1">
              <lines>
                <line number="7" hits="30" branch="False" />
              </lines>
            </method>
          </methods>
          <lines>
            <line number="5" hits="91" branch="False" />
            <line number="7" hits="30" branch="False" />
          </lines>
        </class>
        <class name="FeedHub_Core.Models.NewsSource" filename="Models\NewsSource.cs" line-rate="0" branch-rate="1" complexity="5">
          <methods>
            <method name="get_Name" signature="()" line-rate="0" branch-rate="1" complexity="1">
              <lines>
                <line number="5" hits="0" branch="False" />
              </lines>
            </method>
            <method name="get_Description" signature="()" line-rate="0" branch-rate="1" complexity="1">
              <lines>
                <line number="6" hits="0" branch="False" />
              </lines>
            </method>
            <method name="get_Domain" signature="()" line-rate="0" branch-rate="1" complexity="1">
              <lines>
                <line number="7" hits="0" branch="False" />
              </lines>
            </method>
            <method name="get_CategoryName" signature="()" line-rate="0" branch-rate="1" complexity="1">
              <lines>
                <line number="8" hits="0" branch="False" />
              </lines>
            </method>
            <method name="get_CommandParam" signature="()" line-rate="0" branch-rate="1" complexity="1">
              <lines>
                <line number="9" hits="0" branch="False" />
              </lines>
            </method>
          </methods>
          <lines>
            <line number="5" hits="0" branch="False" />
            <line number="6" hits="0" branch="False" />
            <line number="7" hits="0" branch="False" />
            <line number="8" hits="0" branch="False" />
            <line number="9" hits="0" branch="False" />
          </lines>
        </class>
        <class name="FeedHub_Core.Services.AdInterleaveService" filename="Services\AdInterleaveService.cs" line-rate="1" branch-rate="1" complexity="4">
          <methods>
            <method name="Interleave" signature="(System.Collections.Generic.IEnumerable`1&lt;FeedHub_Core.Models.NewsItem&gt;)" line-rate="1" branch-rate="1" complexity="4">
              <lines>
                <line number="9" hits="4" branch="False" />
                <line number="10" hits="4" branch="False" />
                <line number="11" hits="4" branch="False" />
                <line number="13" hits="50" branch="True" condition-coverage="100% (2/2)">
                  <conditions>
                    <condition number="121" type="jump" coverage="100%" />
                  </conditions>
                </line>
                <line number="14" hits="19" branch="False" />
                <line number="15" hits="19" branch="False" />
                <line number="16" hits="19" branch="False" />
                <line number="18" hits="19" branch="True" condition-coverage="100% (2/2)">
                  <conditions>
                    <condition number="49" type="jump" coverage="100%" />
                  </conditions>
                </line>
                <line number="19" hits="3" branch="False" />
                <line number="20" hits="3" branch="False" />
                <line number="21" hits="3" branch="False" />
                <line number="22" hits="3" branch="False" />
                <line number="23" hits="3" branch="False" />
                <line number="25" hits="19" branch="False" />
                <line number="26" hits="4" branch="False" />
                <line number="27" hits="4" branch="False" />
                <line number="28" hits="4" branch="False" />
              </lines>
            </method>
          </methods>
          <lines>
            <line number="9" hits="4" branch="False" />
            <line number="10" hits="4" branch="False" />
            <line number="11" hits="4" branch="False" />
            <line number="13" hits="50" branch="True" condition-coverage="100% (2/2)">
              <conditions>
                <condition number="121" type="jump" coverage="100%" />
              </conditions>
            </line>
            <line number="14" hits="19" branch="False" />
            <line number="15" hits="19" branch="False" />
            <line number="16" hits="19" branch="False" />
            <line number="18" hits="19" branch="True" condition-coverage="100% (2/2)">
              <conditions>
                <condition number="49" type="jump" coverage="100%" />
              </conditions>
            </line>
            <line number="19" hits="3" branch="False" />
            <line number="20" hits="3" branch="False" />
            <line number="21" hits="3" branch="False" />
            <line number="22" hits="3" branch="False" />
            <line number="23" hits="3" branch="False" />
            <line number="25" hits="19" branch="False" />
            <line number="26" hits="4" branch="False" />
            <line number="27" hits="4" branch="False" />
            <line number="28" hits="4" branch="False" />
          </lines>
        </class>
        <class name="FeedHub_Core.Services.ArticleReaderService" filename="Services\ArticleReaderService.cs" line-rate="1" branch-rate="1" complexity="2">
          <methods>
            <method name="GetCleanArticleSync" signature="(System.String)" line-rate="1" branch-rate="1" complexity="1">
              <lines>
                <line number="32" hits="1" branch="False" />
                <line number="33" hits="1" branch="False" />
                <line number="34" hits="1" branch="False" />
              </lines>
            </method>
            <method name=".ctor" signature="()" line-rate="1" branch-rate="1" complexity="1">
              <lines>
                <line number="8" hits="8" branch="False" />
              </lines>
            </method>
          </methods>
          <lines>
            <line number="32" hits="1" branch="False" />
            <line number="33" hits="1" branch="False" />
            <line number="34" hits="1" branch="False" />
            <line number="8" hits="8" branch="False" />
          </lines>
        </class>
        <class name="FeedHub_Core.Services.ArticleReaderService/&lt;GetCleanArticleAsync&gt;d__1" filename="Services\ArticleReaderService.cs" line-rate="1" branch-rate="1" complexity="12">
          <methods>
            <method name="MoveNext" signature="()" line-rate="1" branch-rate="1" complexity="12">
              <lines>
                <line number="11" hits="7" branch="False" />
                <line number="12" hits="7" branch="False" />
                <line number="14" hits="7" branch="False" />
                <line number="15" hits="7" branch="False" />
                <line number="17" hits="7" branch="True" condition-coverage="100% (6/6)">
                  <conditions>
                    <condition number="203" type="jump" coverage="100%" />
                    <condition number="228" type="jump" coverage="100%" />
                    <condition number="253" type="jump" coverage="100%" />
                  </conditions>
                </line>
                <line number="18" hits="7" branch="False" />
                <line number="19" hits="7" branch="False" />
                <line number="20" hits="7" branch="False" />
                <line number="22" hits="7" branch="True" condition-coverage="100% (2/2)">
                  <conditions>
                    <condition number="295" type="jump" coverage="100%" />
                  </conditions>
                </line>
                <line number="23" hits="1" branch="False" />
                <line number="25" hits="20" branch="True" condition-coverage="100% (4/4)">
                  <conditions>
                    <condition number="331" type="jump" coverage="100%" />
                    <condition number="398" type="jump" coverage="100%" />
                  </conditions>
                </line>
                <line number="26" hits="1" branch="False" />
                <line number="28" hits="6" branch="False" />
                <line number="29" hits="6" branch="False" />
                <line number="30" hits="7" branch="False" />
              </lines>
            </method>
          </methods>
          <lines>
            <line number="11" hits="7" branch="False" />
            <line number="12" hits="7" branch="False" />
            <line number="14" hits="7" branch="False" />
            <line number="15" hits="7" branch="False" />
            <line number="17" hits="7" branch="True" condition-coverage="100% (6/6)">
              <conditions>
                <condition number="203" type="jump" coverage="100%" />
                <condition number="228" type="jump" coverage="100%" />
                <condition number="253" type="jump" coverage="100%" />
              </conditions>
            </line>
            <line number="18" hits="7" branch="False" />
            <line number="19" hits="7" branch="False" />
            <line number="20" hits="7" branch="False" />
            <line number="22" hits="7" branch="True" condition-coverage="100% (2/2)">
              <conditions>
                <condition number="295" type="jump" coverage="100%" />
              </conditions>
            </line>
            <line number="23" hits="1" branch="False" />
            <line number="25" hits="20" branch="True" condition-coverage="100% (4/4)">
              <conditions>
                <condition number="331" type="jump" coverage="100%" />
                <condition number="398" type="jump" coverage="100%" />
              </conditions>
            </line>
            <line number="26" hits="1" branch="False" />
            <line number="28" hits="6" branch="False" />
            <line number="29" hits="6" branch="False" />
            <line number="30" hits="7" branch="False" />
          </lines>
        </class>
        <class name="FeedHub_Core.Services.ArticleReaderService/&lt;GetRawHtmlAsync&gt;d__3" filename="Services\ArticleReaderService.cs" line-rate="1" branch-rate="1" complexity="1">
          <methods>
            <method name="MoveNext" signature="()" line-rate="1" branch-rate="1" complexity="1">
              <lines>
                <line number="36" hits="1" branch="False" />
                <line number="37" hits="1" branch="False" />
                <line number="38" hits="1" branch="False" />
              </lines>
            </method>
          </methods>
          <lines>
            <line number="36" hits="1" branch="False" />
            <line number="37" hits="1" branch="False" />
            <line number="38" hits="1" branch="False" />
          </lines>
        </class>
        <class name="FeedHub_Core.Services.FilterPreferencesService" filename="Services\FilterPreferencesService.cs" line-rate="1" branch-rate="0.8571" complexity="17">
          <methods>
            <method name="GetDisabledSources" signature="()" line-rate="1" branch-rate="1" complexity="4">
              <lines>
                <line number="20" hits="591" branch="False" />
                <line number="21" hits="591" branch="False" />
                <line number="23" hits="591" branch="True" condition-coverage="100% (4/4)">
                  <conditions>
                    <condition number="29" type="jump" coverage="100%" />
                    <condition number="39" type="jump" coverage="100%" />
                  </conditions>
                </line>
                <line number="24" hits="591" branch="False" />
                <line number="25" hits="591" branch="False" />
                <line number="27" hits="591" branch="False" />
              </lines>
            </method>
            <method name="GetDisabledCategories" signature="()" line-rate="1" branch-rate="0.75" complexity="4">
              <lines>
                <line number="30" hits="465" branch="False" />
                <line number="31" hits="465" branch="False" />
                <line number="33" hits="465" branch="True" condition-coverage="75% (3/4)">
                  <conditions>
                    <condition number="29" type="jump" coverage="100%" />
                    <condition number="39" type="jump" coverage="50%" />
                  </conditions>
                </line>
                <line number="34" hits="465" branch="False" />
                <line number="35" hits="465" branch="False" />
                <line number="36" hits="465" branch="False" />
              </lines>
            </method>
            <method name="SetSourceActive" signature="(System.String,System.Boolean)" line-rate="1" branch-rate="0.75" complexity="4">
              <lines>
                <line number="39" hits="2" branch="False" />
                <line number="40" hits="2" branch="False" />
                <line number="42" hits="2" branch="True" condition-coverage="50% (1/2)">
                  <conditions>
                    <condition number="15" type="jump" coverage="50%" />
                  </conditions>
                </line>
                <line number="43" hits="2" branch="False" />
                <line number="44" hits="2" branch="False" />
                <line number="46" hits="3" branch="True" condition-coverage="100% (2/2)">
                  <conditions>
                    <condition number="159" type="jump" coverage="100%" />
                  </conditions>
                </line>
                <line number="47" hits="1" branch="False" />
                <line number="49" hits="2" branch="False" />
                <line number="50" hits="2" branch="False" />
                <line number="51" hits="2" branch="False" />
              </lines>
            </method>
            <method name="SetCategoryActive" signature="(System.String,System.Boolean)" line-rate="1" branch-rate="1" complexity="2">
              <lines>
                <line number="54" hits="2" branch="False" />
                <line number="55" hits="2" branch="False" />
                <line number="56" hits="3" branch="True" condition-coverage="100% (2/2)">
                  <conditions>
                    <condition number="14" type="jump" coverage="100%" />
                  </conditions>
                </line>
                <line number="57" hits="1" branch="False" />
                <line number="59" hits="2" branch="False" />
                <line number="60" hits="2" branch="False" />
                <line number="61" hits="2" branch="False" />
              </lines>
            </method>
            <method name="IsSourceActive" signature="(System.String)" line-rate="1" branch-rate="1" complexity="1">
              <lines>
                <line number="64" hits="589" branch="False" />
                <line number="65" hits="589" branch="False" />
                <line number="66" hits="589" branch="False" />
              </lines>
            </method>
            <method name="IsCategoryActive" signature="(System.String)" line-rate="1" branch-rate="1" complexity="1">
              <lines>
                <line number="69" hits="463" branch="False" />
                <line number="70" hits="463" branch="False" />
                <line number="71" hits="463" branch="False" />
              </lines>
            </method>
            <method name=".ctor" signature="(FeedHub_Core.Interfaces.IPreferencesService)" line-rate="1" branch-rate="1" complexity="1">
              <lines>
                <line number="14" hits="37" branch="False" />
                <line number="15" hits="37" branch="False" />
                <line number="16" hits="37" branch="False" />
                <line number="17" hits="37" branch="False" />
              </lines>
            </method>
          </methods>
          <lines>
            <line number="20" hits="591" branch="False" />
            <line number="21" hits="591" branch="False" />
            <line number="23" hits="591" branch="True" condition-coverage="100% (4/4)">
              <conditions>
                <condition number="29" type="jump" coverage="100%" />
                <condition number="39" type="jump" coverage="100%" />
              </conditions>
            </line>
            <line number="24" hits="591" branch="False" />
            <line number="25" hits="591" branch="False" />
            <line number="27" hits="591" branch="False" />
            <line number="30" hits="465" branch="False" />
            <line number="31" hits="465" branch="False" />
            <line number="33" hits="465" branch="True" condition-coverage="75% (3/4)">
              <conditions>
                <condition number="29" type="jump" coverage="100%" />
                <condition number="39" type="jump" coverage="50%" />
              </conditions>
            </line>
            <line number="34" hits="465" branch="False" />
            <line number="35" hits="465" branch="False" />
            <line number="36" hits="465" branch="False" />
            <line number="39" hits="2" branch="False" />
            <line number="40" hits="2" branch="False" />
            <line number="42" hits="2" branch="True" condition-coverage="50% (1/2)">
              <conditions>
                <condition number="15" type="jump" coverage="50%" />
              </conditions>
            </line>
            <line number="43" hits="2" branch="False" />
            <line number="44" hits="2" branch="False" />
            <line number="46" hits="3" branch="True" condition-coverage="100% (2/2)">
              <conditions>
                <condition number="159" type="jump" coverage="100%" />
              </conditions>
            </line>
            <line number="47" hits="1" branch="False" />
            <line number="49" hits="2" branch="False" />
            <line number="50" hits="2" branch="False" />
            <line number="51" hits="2" branch="False" />
            <line number="54" hits="2" branch="False" />
            <line number="55" hits="2" branch="False" />
            <line number="56" hits="3" branch="True" condition-coverage="100% (2/2)">
              <conditions>
                <condition number="14" type="jump" coverage="100%" />
              </conditions>
            </line>
            <line number="57" hits="1" branch="False" />
            <line number="59" hits="2" branch="False" />
            <line number="60" hits="2" branch="False" />
            <line number="61" hits="2" branch="False" />
            <line number="64" hits="589" branch="False" />
            <line number="65" hits="589" branch="False" />
            <line number="66" hits="589" branch="False" />
            <line number="69" hits="463" branch="False" />
            <line number="70" hits="463" branch="False" />
            <line number="71" hits="463" branch="False" />
            <line number="14" hits="37" branch="False" />
            <line number="15" hits="37" branch="False" />
            <line number="16" hits="37" branch="False" />
            <line number="17" hits="37" branch="False" />
          </lines>
        </class>
        <class name="FeedHub_Core.Services.NewsAggregatorService" filename="Services\NewsAggregatorService.cs" line-rate="1" branch-rate="1" complexity="3">
          <methods>
            <method name="GetAvailableCategories" signature="()" line-rate="1" branch-rate="1" complexity="1">
              <lines>
                <line number="19" hits="1" branch="False" />
                <line number="20" hits="21" branch="False" />
                <line number="21" hits="64" branch="False" />
                <line number="22" hits="1" branch="False" />
                <line number="23" hits="9" branch="False" />
                <line number="24" hits="1" branch="False" />
              </lines>
            </method>
            <method name="GetAvailableSources" signature="()" line-rate="1" branch-rate="1" complexity="1">
              <lines>
                <line number="27" hits="1" branch="False" />
                <line number="28" hits="21" branch="False" />
                <line number="29" hits="1" branch="False" />
                <line number="30" hits="21" branch="False" />
                <line number="31" hits="1" branch="False" />
              </lines>
            </method>
            <method name=".ctor" signature="(FeedHub_Core.Interfaces.IRssService,FeedHub_Core.Utilities.ILogger,FeedHub_Core.Services.FilterPreferencesService,FeedHub_Core.Services.SourceCatalogService)" line-rate="1" branch-rate="1" complexity="1">
              <lines>
                <line number="32" hits="28" branch="False" />
                <line number="33" hits="28" branch="False" />
                <line number="34" hits="28" branch="False" />
                <line number="35" hits="28" branch="False" />
                <line number="36" hits="28" branch="False" />
                <line number="37" hits="28" branch="False" />
                <line number="38" hits="28" branch="False" />
                <line number="41" hits="28" branch="False" />
              </lines>
            </method>
          </methods>
          <lines>
            <line number="19" hits="1" branch="False" />
            <line number="20" hits="21" branch="False" />
            <line number="21" hits="64" branch="False" />
            <line number="22" hits="1" branch="False" />
            <line number="23" hits="9" branch="False" />
            <line number="24" hits="1" branch="False" />
            <line number="27" hits="1" branch="False" />
            <line number="28" hits="21" branch="False" />
            <line number="29" hits="1" branch="False" />
            <line number="30" hits="21" branch="False" />
            <line number="31" hits="1" branch="False" />
            <line number="32" hits="28" branch="False" />
            <line number="33" hits="28" branch="False" />
            <line number="34" hits="28" branch="False" />
            <line number="35" hits="28" branch="False" />
            <line number="36" hits="28" branch="False" />
            <line number="37" hits="28" branch="False" />
            <line number="38" hits="28" branch="False" />
            <line number="41" hits="28" branch="False" />
          </lines>
        </class>
        <class name="FeedHub_Core.Services.NewsAggregatorService/&lt;&gt;c" filename="Services\NewsAggregatorService.cs" line-rate="1" branch-rate="1" complexity="11">
          <methods>
            <method name="&lt;GetLatestMixedAsync&gt;b__7_0" signature="(FeedHub_Core.Models.FeedSourceConfig)" line-rate="1" branch-rate="1" complexity="1">
              <lines>
                <line number="50" hits="510" branch="False" />
                <line number="51" hits="510" branch="False" />
                <line number="52" hits="510" branch="False" />
                <line number="53" hits="510" branch="False" />
                <line number="54" hits="510" branch="False" />
              </lines>
            </method>
            <method name="&lt;GetLatestMixedAsync&gt;b__7_3" signature="(&lt;&gt;f__AnonymousType0`2&lt;FeedHub_Core.Models.FeedSourceConfig,FeedHub_Core.Models.FeedConfig&gt;)" line-rate="1" branch-rate="1" complexity="1">
              <lines>
                <line number="71" hits="256" branch="False" />
              </lines>
            </method>
            <method name="&lt;GetLatestMixedAsync&gt;b__7_10" signature="(FeedHub_Core.Models.FeedSourceConfig)" line-rate="1" branch-rate="1" complexity="1">
              <lines>
                <line number="112" hits="1" branch="False" />
              </lines>
            </method>
            <method name="&lt;GetLatestMixedAsync&gt;b__7_13" signature="(FeedHub_Core.Models.NewsItem)" line-rate="1" branch-rate="1" complexity="1">
              <lines>
                <line number="166" hits="382" branch="False" />
              </lines>
            </method>
            <method name="&lt;GetLatestMixedAsync&gt;b__7_7" signature="(FeedHub_Core.Models.NewsItem)" line-rate="1" branch-rate="1" complexity="1">
              <lines>
                <line number="189" hits="191" branch="False" />
              </lines>
            </method>
            <method name="&lt;GetByCategoryAsync&gt;b__8_0" signature="(FeedHub_Core.Models.FeedSourceConfig)" line-rate="1" branch-rate="1" complexity="1">
              <lines>
                <line number="232" hits="765" branch="False" />
                <line number="233" hits="765" branch="False" />
                <line number="234" hits="765" branch="False" />
                <line number="235" hits="765" branch="False" />
                <line number="236" hits="765" branch="False" />
              </lines>
            </method>
            <method name="&lt;GetByCategoryAsync&gt;b__8_3" signature="(&lt;&gt;f__AnonymousType0`2&lt;FeedHub_Core.Models.FeedSourceConfig,FeedHub_Core.Models.FeedConfig&gt;)" line-rate="1" branch-rate="1" complexity="1">
              <lines>
                <line number="290" hits="38" branch="False" />
              </lines>
            </method>
            <method name="&lt;GetByCategoryAsync&gt;b__8_5" signature="(FeedHub_Core.Models.NewsItem)" line-rate="1" branch-rate="1" complexity="1">
              <lines>
                <line number="350" hits="31" branch="False" />
              </lines>
            </method>
            <method name="&lt;SearchByKeywordAsync&gt;b__9_0" signature="(FeedHub_Core.Models.FeedSourceConfig)" line-rate="1" branch-rate="1" complexity="1">
              <lines>
                <line number="388" hits="510" branch="False" />
                <line number="389" hits="510" branch="False" />
                <line number="390" hits="510" branch="False" />
                <line number="391" hits="510" branch="False" />
                <line number="392" hits="510" branch="False" />
              </lines>
            </method>
            <method name="&lt;SearchByKeywordAsync&gt;b__9_2" signature="(FeedHub_Core.Models.NewsItem)" line-rate="1" branch-rate="1" complexity="1">
              <lines>
                <line number="432" hits="194" branch="False" />
              </lines>
            </method>
            <method name="&lt;GetBySourceAsync&gt;b__10_3" signature="(FeedHub_Core.Models.NewsItem)" line-rate="1" branch-rate="1" complexity="1">
              <lines>
                <line number="507" hits="3" branch="False" />
              </lines>
            </method>
          </methods>
          <lines>
            <line number="50" hits="510" branch="False" />
            <line number="51" hits="510" branch="False" />
            <line number="52" hits="510" branch="False" />
            <line number="53" hits="510" branch="False" />
            <line number="54" hits="510" branch="False" />
            <line number="71" hits="256" branch="False" />
            <line number="112" hits="1" branch="False" />
            <line number="166" hits="382" branch="False" />
            <line number="189" hits="191" branch="False" />
            <line number="232" hits="765" branch="False" />
            <line number="233" hits="765" branch="False" />
            <line number="234" hits="765" branch="False" />
            <line number="235" hits="765" branch="False" />
            <line number="236" hits="765" branch="False" />
            <line number="290" hits="38" branch="False" />
            <line number="350" hits="31" branch="False" />
            <line number="388" hits="510" branch="False" />
            <line number="389" hits="510" branch="False" />
            <line number="390" hits="510" branch="False" />
            <line number="391" hits="510" branch="False" />
            <line number="392" hits="510" branch="False" />
            <line number="432" hits="194" branch="False" />
            <line number="507" hits="3" branch="False" />
          </lines>
        </class>
        <class name="FeedHub_Core.Services.NewsAggregatorService/&lt;&gt;c__DisplayClass10_0" filename="Services\NewsAggregatorService.cs" line-rate="1" branch-rate="1" complexity="2">
          <methods>
            <method name="&lt;GetBySourceAsync&gt;b__0" signature="(FeedHub_Core.Models.FeedSourceConfig)" line-rate="1" branch-rate="1" complexity="1">
              <lines>
                <line number="448" hits="28" branch="False" />
                <line number="449" hits="28" branch="False" />
                <line number="450" hits="28" branch="False" />
                <line number="451" hits="28" branch="False" />
              </lines>
            </method>
            <method name="&lt;GetBySourceAsync&gt;b__1" signature="(FeedHub_Core.Models.FeedConfig)" line-rate="1" branch-rate="1" complexity="1">
              <lines>
                <line number="460" hits="27" branch="False" />
              </lines>
            </method>
          </methods>
          <lines>
            <line number="448" hits="28" branch="False" />
            <line number="449" hits="28" branch="False" />
            <line number="450" hits="28" branch="False" />
            <line number="451" hits="28" branch="False" />
            <line number="460" hits="27" branch="False" />
          </lines>
        </class>
        <class name="FeedHub_Core.Services.NewsAggregatorService/&lt;&gt;c__DisplayClass10_0/&lt;&lt;GetBySourceAsync&gt;b__2&gt;d" filename="Services\NewsAggregatorService.cs" line-rate="1" branch-rate="0.75" complexity="4">
          <methods>
            <method name="MoveNext" signature="()" line-rate="1" branch-rate="0.75" complexity="4">
              <lines>
                <line number="476" hits="18" branch="False" />
                <line number="478" hits="18" branch="False" />
                <line number="479" hits="18" branch="False" />
                <line number="480" hits="18" branch="False" />
                <line number="482" hits="18" branch="False" />
                <line number="483" hits="18" branch="False" />
                <line number="484" hits="18" branch="False" />
                <line number="485" hits="18" branch="False" />
                <line number="487" hits="1" branch="False" />
                <line number="489" hits="9" branch="True" condition-coverage="100% (2/2)">
                  <conditions>
[...]
            <line number="235" hits="53" branch="False" />
            <line number="236" hits="53" branch="False" />
            <line number="237" hits="53" branch="False" />
            <line number="238" hits="53" branch="False" />
            <line number="239" hits="53" branch="False" />
            <line number="240" hits="53" branch="False" />
            <line number="241" hits="53" branch="False" />
            <line number="242" hits="53" branch="False" />
            <line number="243" hits="53" branch="False" />
            <line number="244" hits="53" branch="False" />
            <line number="245" hits="53" branch="False" />
            <line number="246" hits="53" branch="False" />
            <line number="247" hits="53" branch="False" />
            <line number="248" hits="53" branch="False" />
            <line number="249" hits="53" branch="False" />
            <line number="250" hits="53" branch="False" />
            <line number="251" hits="53" branch="False" />
            <line number="252" hits="53" branch="False" />
            <line number="253" hits="53" branch="False" />
            <line number="254" hits="53" branch="False" />
            <line number="255" hits="53" branch="False" />
            <line number="256" hits="53" branch="False" />
            <line number="257" hits="53" branch="False" />
            <line number="258" hits="53" branch="False" />
            <line number="259" hits="53" branch="False" />
            <line number="260" hits="53" branch="False" />
            <line number="261" hits="53" branch="False" />
            <line number="262" hits="53" branch="False" />
            <line number="263" hits="53" branch="False" />
            <line number="264" hits="53" branch="False" />
            <line number="265" hits="53" branch="False" />
            <line number="266" hits="53" branch="False" />
            <line number="267" hits="53" branch="False" />
            <line number="270" hits="5353" branch="True" condition-coverage="100% (2/2)">
              <conditions>
                <condition number="915" type="jump" coverage="100%" />
              </conditions>
            </line>
            <line number="271" hits="2597" branch="False" />
            <line number="272" hits="2597" branch="True" condition-coverage="100% (2/2)">
              <conditions>
                <condition number="823" type="jump" coverage="100%" />
              </conditions>
            </line>
            <line number="273" hits="2615" branch="True" condition-coverage="100% (4/4)">
              <conditions>
                <condition number="845" type="jump" coverage="100%" />
                <condition number="883" type="jump" coverage="100%" />
              </conditions>
            </line>
            <line number="274" hits="2597" branch="False" />
            <line number="278" hits="53" branch="False" />
            <line number="279" hits="65" branch="True" condition-coverage="100% (4/4)">
              <conditions>
                <condition number="937" type="jump" coverage="100%" />
                <condition number="974" type="jump" coverage="100%" />
              </conditions>
            </line>
            <line number="283" hits="53" branch="True" condition-coverage="100% (2/2)">
              <conditions>
                <condition number="1015" type="jump" coverage="100%" />
              </conditions>
            </line>
            <line number="284" hits="1" branch="False" />
            <line number="287" hits="1" branch="False" />
            <line number="288" hits="1" branch="True" condition-coverage="50% (1/2)">
              <conditions>
                <condition number="1043" type="jump" coverage="50%" />
              </conditions>
            </line>
            <line number="289" hits="0" branch="False" />
            <line number="290" hits="0" branch="False" />
            <line number="291" hits="0" branch="True" condition-coverage="0% (0/2)">
              <conditions>
                <condition number="1186" type="jump" coverage="0%" />
              </conditions>
            </line>
            <line number="292" hits="0" branch="False" />
            <line number="293" hits="0" branch="False" />
            <line number="295" hits="0" branch="True" condition-coverage="0% (0/4)">
              <conditions>
                <condition number="1123" type="jump" coverage="0%" />
                <condition number="1159" type="jump" coverage="0%" />
              </conditions>
            </line>
            <line number="296" hits="0" branch="False" />
            <line number="297" hits="0" branch="False" />
            <line number="298" hits="0" branch="False" />
            <line number="299" hits="0" branch="False" />
            <line number="300" hits="0" branch="False" />
            <line number="303" hits="1" branch="False" />
            <line number="304" hits="1" branch="True" condition-coverage="50% (1/2)">
              <conditions>
                <condition number="1233" type="jump" coverage="50%" />
              </conditions>
            </line>
            <line number="305" hits="0" branch="False" />
            <line number="306" hits="0" branch="True" condition-coverage="0% (0/2)">
              <conditions>
                <condition number="1272" type="jump" coverage="0%" />
              </conditions>
            </line>
            <line number="307" hits="0" branch="False" />
            <line number="308" hits="1" branch="False" />
            <line number="310" hits="53" branch="False" />
            <line number="311" hits="54" branch="False" />
            <line number="313" hits="53" branch="False" />
            <line number="315" hits="53" branch="False" />
            <line number="316" hits="53" branch="False" />
            <line number="321" hits="4" branch="False" />
            <line number="322" hits="4" branch="False" />
            <line number="323" hits="83" branch="True" condition-coverage="100% (4/4)">
              <conditions>
                <condition number="16" type="jump" coverage="100%" />
                <condition number="34" type="jump" coverage="100%" />
              </conditions>
            </line>
            <line number="324" hits="7" branch="False" />
            <line number="325" hits="7" branch="False" />
            <line number="326" hits="9" branch="False" />
            <line number="327" hits="12" branch="False" />
            <line number="328" hits="6" branch="False" />
            <line number="329" hits="5" branch="False" />
            <line number="330" hits="7" branch="False" />
            <line number="331" hits="4" branch="False" />
            <line number="332" hits="4" branch="False" />
            <line number="335" hits="58" branch="False" />
            <line number="336" hits="58" branch="False" />
            <line number="337" hits="59" branch="True" condition-coverage="100% (2/2)">
              <conditions>
                <condition number="21" type="jump" coverage="100%" />
              </conditions>
            </line>
            <line number="338" hits="67" branch="True" condition-coverage="100% (4/4)">
              <conditions>
                <condition number="52" type="jump" coverage="100%" />
                <condition number="95" type="jump" coverage="100%" />
              </conditions>
            </line>
            <line number="339" hits="57" branch="False" />
            <line number="340" hits="58" branch="False" />
            <line number="342" hits="5" branch="False" />
            <line number="346" hits="5" branch="False" />
            <line number="347" hits="5" branch="True" condition-coverage="100% (2/2)">
              <conditions>
                <condition number="8" type="jump" coverage="100%" />
              </conditions>
            </line>
            <line number="348" hits="5" branch="False" />
            <line number="349" hits="5" branch="False" />
            <line number="350" hits="4" branch="False" />
            <line number="351" hits="1" branch="False" />
            <line number="352" hits="1" branch="False" />
            <line number="353" hits="1" branch="False" />
            <line number="354" hits="1" branch="False" />
            <line number="357" hits="5" branch="False" />
            <line number="360" hits="5" branch="False" />
            <line number="362" hits="5" branch="False" />
            <line number="363" hits="5" branch="False" />
            <line number="19" hits="62" branch="False" />
            <line number="20" hits="62" branch="False" />
            <line number="21" hits="62" branch="False" />
            <line number="22" hits="62" branch="False" />
            <line number="23" hits="62" branch="False" />
            <line number="24" hits="62" branch="False" />
            <line number="25" hits="62" branch="False" />
            <line number="26" hits="62" branch="False" />
            <line number="27" hits="62" branch="False" />
            <line number="28" hits="62" branch="False" />
          </lines>
        </class>
        <class name="FeedHub_Core.Services.QuickArticleService/&lt;Extract&gt;d__1" filename="Services\QuickArticleResult.cs" line-rate="1" branch-rate="1" complexity="12">
          <methods>
            <method name="MoveNext" signature="()" line-rate="1" branch-rate="1" complexity="12">
              <lines>
                <line number="30" hits="57" branch="False" />
                <line number="31" hits="60" branch="True" condition-coverage="100% (2/2)">
                  <conditions>
                    <condition number="21" type="jump" coverage="100%" />
                  </conditions>
                </line>
                <line number="33" hits="54" branch="False" />
                <line number="34" hits="54" branch="False" />
                <line number="37" hits="54" branch="True" condition-coverage="100% (2/2)">
                  <conditions>
                    <condition number="92" type="jump" coverage="100%" />
                  </conditions>
                </line>
                <line number="38" hits="54" branch="False" />
                <line number="40" hits="54" branch="True" condition-coverage="100% (4/4)">
                  <conditions>
                    <condition number="129" type="jump" coverage="100%" />
                    <condition number="146" type="jump" coverage="100%" />
                  </conditions>
                </line>
                <line number="43" hits="54" branch="False" />
                <line number="44" hits="55" branch="True" condition-coverage="100% (2/2)">
                  <conditions>
                    <condition number="193" type="jump" coverage="100%" />
                  </conditions>
                </line>
                <line number="47" hits="53" branch="True" condition-coverage="100% (2/2)">
                  <conditions>
                    <condition number="237" type="jump" coverage="100%" />
                  </conditions>
                </line>
                <line number="49" hits="53" branch="False" />
                <line number="50" hits="53" branch="False" />
                <line number="54" hits="53" branch="False" />
                <line number="57" hits="53" branch="False" />
                <line number="58" hits="53" branch="False" />
                <line number="59" hits="53" branch="False" />
                <line number="60" hits="53" branch="False" />
                <line number="61" hits="53" branch="False" />
                <line number="62" hits="53" branch="False" />
                <line number="63" hits="53" branch="False" />
                <line number="64" hits="57" branch="False" />
              </lines>
            </method>
          </methods>
          <lines>
            <line number="30" hits="57" branch="False" />
            <line number="31" hits="60" branch="True" condition-coverage="100% (2/2)">
              <conditions>
                <condition number="21" type="jump" coverage="100%" />
              </conditions>
            </line>
            <line number="33" hits="54" branch="False" />
            <line number="34" hits="54" branch="False" />
            <line number="37" hits="54" branch="True" condition-coverage="100% (2/2)">
              <conditions>
                <condition number="92" type="jump" coverage="100%" />
              </conditions>
            </line>
            <line number="38" hits="54" branch="False" />
            <line number="40" hits="54" branch="True" condition-coverage="100% (4/4)">
              <conditions>
                <condition number="129" type="jump" coverage="100%" />
                <condition number="146" type="jump" coverage="100%" />
              </conditions>
            </line>
            <line number="43" hits="54" branch="False" />
            <line number="44" hits="55" branch="True" condition-coverage="100% (2/2)">
              <conditions>
                <condition number="193" type="jump" coverage="100%" />
              </conditions>
            </line>
            <line number="47" hits="53" branch="True" condition-coverage="100% (2/2)">
              <conditions>
                <condition number="237" type="jump" coverage="100%" />
              </conditions>
            </line>
            <line number="49" hits="53" branch="False" />
            <line number="50" hits="53" branch="False" />
            <line number="54" hits="53" branch="False" />
            <line number="57" hits="53" branch="False" />
            <line number="58" hits="53" branch="False" />
            <line number="59" hits="53" branch="False" />
            <line number="60" hits="53" branch="False" />
            <line number="61" hits="53" branch="False" />
            <line number="62" hits="53" branch="False" />
            <line number="63" hits="53" branch="False" />
            <line number="64" hits="57" branch="False" />
          </lines>
        </class>
        <class name="FeedHub_Core.Services.SourceCatalogService" filename="Services\SourceCatalogServices.cs" line-rate="1" branch-rate="0.75" complexity="11">
          <methods>
            <method name="GetSources" signature="()" line-rate="1" branch-rate="1" complexity="1">
              <lines>
                <line number="20" hits="50" branch="False" />
                <line number="21" hits="50" branch="False" />
                <line number="22" hits="50" branch="False" />
              </lines>
            </method>
            <method name="LoadSources" signature="()" line-rate="1" branch-rate="0.5" complexity="4">
              <lines>
                <line number="25" hits="34" branch="False" />
                <line number="26" hits="34" branch="False" />
                <line number="28" hits="34" branch="True" condition-coverage="50% (1/2)">
                  <conditions>
                    <condition number="29" type="jump" coverage="50%" />
                  </conditions>
                </line>
                <line number="29" hits="34" branch="False" />
                <line number="30" hits="34" branch="False" />
                <line number="32" hits="34" branch="False" />
                <line number="33" hits="34" branch="False" />
                <line number="35" hits="34" branch="True" condition-coverage="50% (1/2)">
                  <conditions>
                    <condition number="78" type="jump" coverage="50%" />
                  </conditions>
                </line>
                <line number="36" hits="34" branch="False" />
                <line number="37" hits="34" branch="False" />
                <line number="38" hits="34" branch="False" />
                <line number="39" hits="34" branch="False" />
                <line number="40" hits="34" branch="False" />
                <line number="41" hits="34" branch="False" />
                <line number="42" hits="34" branch="False" />
                <line number="44" hits="34" branch="False" />
                <line number="45" hits="34" branch="False" />
              </lines>
            </method>
            <method name="GetSourceById" signature="(System.String)" line-rate="1" branch-rate="1" complexity="1">
              <lines>
                <line number="47" hits="5" branch="False" />
                <line number="48" hits="5" branch="False" />
                <line number="49" hits="50" branch="False" />
                <line number="50" hits="5" branch="False" />
              </lines>
            </method>
            <method name="GetSourceName" signature="(System.String)" line-rate="1" branch-rate="1" complexity="4">
              <lines>
                <line number="53" hits="2" branch="True" condition-coverage="100% (4/4)">
                  <conditions>
                    <condition number="8" type="jump" coverage="100%" />
                    <condition number="20" type="jump" coverage="100%" />
                  </conditions>
                </line>
              </lines>
            </method>
            <method name=".ctor" signature="()" line-rate="1" branch-rate="1" complexity="1">
              <lines>
                <line number="14" hits="34" branch="False" />
                <line number="15" hits="34" branch="False" />
                <line number="16" hits="34" branch="False" />
                <line number="17" hits="34" branch="False" />
              </lines>
            </method>
          </methods>
          <lines>
            <line number="20" hits="50" branch="False" />
            <line number="21" hits="50" branch="False" />
            <line number="22" hits="50" branch="False" />
            <line number="25" hits="34" branch="False" />
            <line number="26" hits="34" branch="False" />
            <line number="28" hits="34" branch="True" condition-coverage="50% (1/2)">
              <conditions>
                <condition number="29" type="jump" coverage="50%" />
              </conditions>
            </line>
            <line number="29" hits="34" branch="False" />
            <line number="30" hits="34" branch="False" />
            <line number="32" hits="34" branch="False" />
            <line number="33" hits="34" branch="False" />
            <line number="35" hits="34" branch="True" condition-coverage="50% (1/2)">
              <conditions>
                <condition number="78" type="jump" coverage="50%" />
              </conditions>
            </line>
            <line number="36" hits="34" branch="False" />
            <line number="37" hits="34" branch="False" />
            <line number="38" hits="34" branch="False" />
            <line number="39" hits="34" branch="False" />
            <line number="40" hits="34" branch="False" />
            <line number="41" hits="34" branch="False" />
            <line number="42" hits="34" branch="False" />
            <line number="44" hits="34" branch="False" />
            <line number="45" hits="34" branch="False" />
            <line number="47" hits="5" branch="False" />
            <line number="48" hits="5" branch="False" />
            <line number="49" hits="50" branch="False" />
            <line number="50" hits="5" branch="False" />
            <line number="53" hits="2" branch="True" condition-coverage="100% (4/4)">
              <conditions>
                <condition number="8" type="jump" coverage="100%" />
                <condition number="20" type="jump" coverage="100%" />
              </conditions>
            </line>
            <line number="14" hits="34" branch="False" />
            <line number="15" hits="34" branch="False" />
            <line number="16" hits="34" branch="False" />
            <line number="17" hits="34" branch="False" />
          </lines>
        </class>
      </classes>
    </package>
  </packages>
</coverage>